2017-04-16 17:42:40,687 - __main__ - INFO - Attempting to get tickers from database
2017-04-16 17:44:13,148 - __main__ - INFO - Attempting to get tickers from database
2017-04-16 17:44:13,164 - __main__ - INFO - Processing tickers...
2017-04-16 17:44:13,165 - __main__ - INFO -   AORWA
2017-04-16 17:44:14,125 - __main__ - INFO -   ASBPA
2017-04-16 17:44:14,717 - __main__ - INFO -   ASBPB
2017-04-16 17:44:15,302 - __main__ - INFO -   BRMWD
2017-04-16 17:44:15,900 - __main__ - INFO -   KFLWD
2017-04-16 17:44:16,976 - __main__ - INFO -   MCKPA
2017-04-16 17:44:17,569 - __main__ - INFO -   NTLOA
2017-04-16 17:44:18,184 - __main__ - INFO -   NZX
2017-04-16 17:44:19,084 - __main__ - INFO -   OGC
2017-04-16 17:44:19,976 - __main__ - INFO -   OHE
2017-04-16 17:44:20,575 - __main__ - INFO -   OIC
2017-04-16 17:44:21,530 - __main__ - INFO -   OZY
2017-04-16 17:44:22,569 - __main__ - INFO -   PCT
2017-04-16 17:44:23,157 - __main__ - INFO -   PEB
2017-04-16 17:44:24,068 - __main__ - INFO -   PFI
2017-04-16 17:44:25,002 - __main__ - INFO -   PGC
2017-04-16 17:44:25,953 - __main__ - INFO -   PGW
2017-04-16 17:44:26,561 - __main__ - INFO -   PIL
2017-04-16 17:44:27,171 - __main__ - INFO -   PLX
2017-04-16 17:44:27,749 - __main__ - INFO -   POT
2017-04-16 17:44:28,720 - __main__ - INFO -   PPH
2017-04-16 17:44:29,345 - __main__ - INFO -   PPL
2017-04-16 17:44:29,951 - __main__ - INFO -   RAK
2017-04-16 17:44:30,529 - __main__ - INFO -   RBC
2017-04-16 17:44:31,128 - __main__ - INFO -   RBD
2017-04-16 17:44:31,707 - __main__ - INFO -   RYM
2017-04-16 17:44:32,288 - __main__ - INFO -   SAN
2017-04-16 17:44:33,177 - __main__ - INFO -   SCL
2017-04-16 17:44:33,756 - __main__ - INFO -   SCT
2017-04-16 17:44:34,328 - __main__ - INFO -   SCY
2017-04-16 17:44:35,299 - __main__ - INFO -   SEA
2017-04-16 17:44:36,253 - __main__ - INFO -   SEK
2017-04-16 17:44:37,220 - __main__ - INFO -   SKC
2017-04-16 17:44:38,184 - __main__ - INFO -   SKL
2017-04-16 17:44:39,142 - __main__ - INFO -   SKO
2017-04-16 17:44:40,048 - __main__ - INFO -   SKT
2017-04-16 17:44:40,625 - __main__ - INFO -   SLI
2017-04-16 17:44:41,197 - __main__ - INFO -   SML
2017-04-16 17:44:42,144 - __main__ - INFO -   SPG
2017-04-16 17:44:42,742 - __main__ - INFO -   SPK
2017-04-16 17:44:43,670 - __main__ - INFO -   SPN
2017-04-16 17:44:44,581 - __main__ - INFO -   SPY
2017-04-16 17:44:45,487 - __main__ - INFO -   SRF
2017-04-16 17:44:46,088 - __main__ - INFO -   STU
2017-04-16 17:44:47,213 - __main__ - INFO -   SUM
2017-04-16 17:44:48,223 - __main__ - INFO -   TCL
2017-04-16 17:44:49,171 - __main__ - INFO -   TEM
2017-04-16 17:44:50,081 - __main__ - INFO -   TEN
2017-04-16 17:44:50,726 - __main__ - INFO -   TGG
2017-04-16 17:44:51,698 - __main__ - INFO -   TGH
2017-04-16 17:44:53,720 - __main__ - INFO -   THL
2017-04-16 17:44:54,296 - __main__ - INFO -   TIL
2017-04-16 17:44:54,885 - __main__ - INFO -   TLS
2017-04-16 17:44:55,852 - __main__ - INFO -   TLT
2017-04-16 17:44:56,753 - __main__ - INFO -   TME
2017-04-16 17:44:57,726 - __main__ - INFO -   TNR
2017-04-16 17:44:58,641 - __main__ - INFO -   TNZ
2017-04-16 17:44:59,604 - __main__ - INFO -   TPW
2017-04-16 17:45:00,551 - __main__ - INFO -   TRS
2017-04-16 17:45:01,145 - __main__ - INFO -   TTK
2017-04-16 17:45:02,180 - __main__ - INFO -   TWF
2017-04-16 17:45:04,305 - __main__ - INFO -   TWR
2017-04-16 17:45:05,288 - __main__ - INFO -   USF
2017-04-16 17:45:06,230 - __main__ - INFO -   USG
2017-04-16 17:45:07,515 - __main__ - INFO -   USM
2017-04-16 17:45:08,466 - __main__ - INFO -   USS
2017-04-16 17:45:09,042 - __main__ - INFO -   USV
2017-04-16 17:45:09,637 - __main__ - INFO -   VCT
2017-04-16 17:45:10,217 - __main__ - INFO -   VGL
2017-04-16 17:45:12,098 - __main__ - INFO -   VHP
2017-04-16 17:45:15,019 - __main__ - INFO -   VIL
2017-04-16 17:45:19,976 - __main__ - INFO -   WBC
2017-04-16 17:45:20,947 - __main__ - INFO -   WDT
2017-04-16 17:45:21,904 - __main__ - INFO -   WDTPA
2017-04-16 17:45:22,809 - __main__ - INFO -   WHS
2017-04-16 17:45:23,388 - __main__ - INFO -   WYN
2017-04-16 17:45:24,888 - __main__ - INFO -   XRO
2017-04-16 17:45:25,845 - __main__ - INFO -   ZEL
2017-04-16 17:45:26,815 - __main__ - INFO -   ABA
2017-04-16 17:45:27,397 - __main__ - INFO -   AFI
2017-04-16 17:45:28,359 - __main__ - INFO -   AFT
2017-04-16 17:45:29,312 - __main__ - INFO -   AIR
2017-04-16 17:45:30,269 - __main__ - INFO -   ALF
2017-04-16 17:45:30,887 - __main__ - INFO -   AIA
2017-04-16 17:45:31,782 - __main__ - INFO -   AMP
2017-04-16 17:45:32,726 - __main__ - INFO -   ANZ
2017-04-16 17:45:33,338 - __main__ - INFO -   AOR
2017-04-16 17:45:33,918 - __main__ - INFO -   APA
2017-04-16 17:45:34,509 - __main__ - INFO -   ARG
2017-04-16 17:45:35,114 - __main__ - INFO -   ARV
2017-04-16 17:45:36,109 - __main__ - INFO -   ASD
2017-04-16 17:45:36,684 - __main__ - INFO -   ASF
2017-04-16 17:45:37,266 - __main__ - INFO -   ASP
2017-04-16 17:45:37,845 - __main__ - INFO -   ASR
2017-04-16 17:45:38,792 - __main__ - INFO -   ATM
2017-04-16 17:45:39,697 - __main__ - INFO -   AUG
2017-04-16 17:45:40,609 - __main__ - INFO -   AWF
2017-04-16 17:45:41,500 - __main__ - INFO -   AWK
2017-04-16 17:45:42,095 - __main__ - INFO -   BGR
2017-04-16 17:45:42,680 - __main__ - INFO -   BIL
2017-04-16 17:45:43,266 - __main__ - INFO -   BIT
2017-04-16 17:45:43,849 - __main__ - INFO -   BLT
2017-04-16 17:45:44,795 - __main__ - INFO -   BRM
2017-04-16 17:45:45,380 - __main__ - INFO -   CAV
2017-04-16 17:45:45,953 - __main__ - INFO -   CBL
2017-04-16 17:45:46,874 - __main__ - INFO -   CDI
2017-04-16 17:45:47,456 - __main__ - INFO -   CMO
2017-04-16 17:45:48,405 - __main__ - INFO -   CEN
2017-04-16 17:45:49,312 - __main__ - INFO -   CNU
2017-04-16 17:45:50,207 - __main__ - INFO -   CVT
2017-04-16 17:45:50,792 - __main__ - INFO -   DGL
2017-04-16 17:45:51,388 - __main__ - INFO -   DIV
2017-04-16 17:45:51,992 - __main__ - INFO -   DOW
2017-04-16 17:45:52,627 - __main__ - INFO -   EBO
2017-04-16 17:45:53,203 - __main__ - INFO -   EMF
2017-04-16 17:45:53,783 - __main__ - INFO -   ERD
2017-04-16 17:45:54,697 - __main__ - INFO -   EUF
2017-04-16 17:45:55,308 - __main__ - INFO -   EUT
2017-04-16 17:45:56,204 - __main__ - INFO -   EVO
2017-04-16 17:45:57,197 - __main__ - INFO -   FBU
2017-04-16 17:45:57,826 - __main__ - INFO -   FCT
2017-04-16 17:45:58,404 - __main__ - INFO -   FIN
2017-04-16 17:45:58,990 - __main__ - INFO -   FLI
2017-04-16 17:45:59,887 - __main__ - INFO -   FMS
2017-04-16 17:46:00,470 - __main__ - INFO -   FNZ
2017-04-16 17:46:01,430 - __main__ - INFO -   FPH
2017-04-16 17:46:02,010 - __main__ - INFO -   FRE
2017-04-16 17:46:02,957 - __main__ - INFO -   FSF
2017-04-16 17:46:03,532 - __main__ - INFO -   GBF
2017-04-16 17:46:04,119 - __main__ - INFO -   GMT
2017-04-16 17:46:05,016 - __main__ - INFO -   GTK
2017-04-16 17:46:05,608 - __main__ - INFO -   GNE
2017-04-16 17:46:06,206 - __main__ - INFO -   GXH
2017-04-16 17:46:06,799 - __main__ - INFO -   HBL
2017-04-16 17:46:07,752 - __main__ - INFO -   HFL
2017-04-16 17:46:08,642 - __main__ - INFO -   HLG
2017-04-16 17:46:09,230 - __main__ - INFO -   IFT
2017-04-16 17:46:10,322 - __main__ - INFO -   IKE
2017-04-16 17:46:11,267 - __main__ - INFO -   IPL
2017-04-16 17:46:11,861 - __main__ - INFO -   IQE
2017-04-16 17:46:12,869 - __main__ - INFO -   JFJ
2017-04-16 17:46:13,855 - __main__ - INFO -   JPG
2017-04-16 17:46:14,434 - __main__ - INFO -   KFL
2017-04-16 17:46:15,323 - __main__ - INFO -   KMD
2017-04-16 17:46:16,055 - __main__ - INFO -   KPG
2017-04-16 17:46:16,628 - __main__ - INFO -   MAD
2017-04-16 17:46:19,210 - __main__ - INFO -   MCK
2017-04-16 17:46:19,796 - __main__ - INFO -   MCY
2017-04-16 17:46:20,371 - __main__ - INFO -   MDZ
2017-04-16 17:46:21,401 - __main__ - INFO -   MEL
2017-04-16 17:46:21,986 - __main__ - INFO -   MET
2017-04-16 17:46:22,950 - __main__ - INFO -   MFT
2017-04-16 17:46:23,525 - __main__ - INFO -   MGL
2017-04-16 17:46:24,125 - __main__ - INFO -   MHJ
2017-04-16 17:46:25,049 - __main__ - INFO -   MLN
2017-04-16 17:46:25,947 - __main__ - INFO -   MMH
2017-04-16 17:46:26,529 - __main__ - INFO -   MOA
2017-04-16 17:46:27,131 - __main__ - INFO -   MPG
2017-04-16 17:46:27,744 - __main__ - INFO -   MVN
2017-04-16 17:46:28,637 - __main__ - INFO -   MVT
2017-04-16 17:46:29,536 - __main__ - INFO -   MZY
2017-04-16 17:46:30,451 - __main__ - INFO -   NPF
2017-04-16 17:46:31,420 - __main__ - INFO -   NPT
2017-04-16 17:46:32,313 - __main__ - INFO -   NTL
2017-04-16 17:46:33,220 - __main__ - INFO -   NWF
2017-04-16 17:46:33,809 - __main__ - INFO -   NZB
2017-04-16 17:46:34,397 - __main__ - INFO -   NZC
2017-04-16 17:46:35,325 - __main__ - INFO -   NZF
2017-04-16 17:46:35,907 - __main__ - INFO -   NZK
2017-04-16 17:46:36,497 - __main__ - INFO -   NZM
2017-04-16 17:46:37,082 - __main__ - INFO -   NZO
2017-04-16 17:46:38,055 - __main__ - INFO -   NZR
2017-04-16 17:46:39,035 - __main__ - INFO -   NZX
2017-04-16 17:46:39,989 - __main__ - INFO -   OGC
2017-04-16 17:46:40,890 - __main__ - INFO -   OHE
2017-04-16 17:46:41,476 - __main__ - INFO -   OIC
2017-04-16 17:46:42,059 - __main__ - INFO -   OZY
2017-04-16 17:46:42,640 - __main__ - INFO -   PCT
2017-04-16 17:46:43,221 - __main__ - INFO -   PEB
2017-04-16 17:46:44,128 - __main__ - INFO -   PFI
2017-04-16 17:46:44,710 - __main__ - INFO -   PGC
2017-04-16 17:46:45,286 - __main__ - INFO -   PGW
2017-04-16 17:46:45,868 - __main__ - INFO -   PIL
2017-04-16 17:46:46,444 - __main__ - INFO -   PLX
2017-04-16 17:46:47,344 - __main__ - INFO -   POT
2017-04-16 17:46:47,941 - __main__ - INFO -   PPH
2017-04-16 17:46:48,516 - __main__ - INFO -   PPL
2017-04-16 17:46:49,470 - __main__ - INFO -   RAK
2017-04-16 17:46:50,058 - __main__ - INFO -   RBC
2017-04-16 17:46:50,657 - __main__ - INFO -   RBD
2017-04-16 17:46:51,250 - __main__ - INFO -   RYM
2017-04-16 17:46:51,875 - __main__ - INFO -   SAN
2017-04-16 17:46:52,457 - __main__ - INFO -   SCL
2017-04-16 17:46:53,407 - __main__ - INFO -   SCT
2017-04-16 17:46:53,997 - __main__ - INFO -   SCY
2017-04-16 17:46:54,595 - __main__ - INFO -   SEA
2017-04-16 17:46:55,177 - __main__ - INFO -   SEK
2017-04-16 17:46:56,131 - __main__ - INFO -   SKC
2017-04-16 17:46:56,716 - __main__ - INFO -   SKL
2017-04-16 17:46:57,293 - __main__ - INFO -   SKO
2017-04-16 17:46:57,877 - __main__ - INFO -   SKT
