2017-04-24 13:12:50,496 - __main__ - INFO - Python sys.path variable is : ['D:\\stock\\apps\\discovery', 'd:\\stock\\python27.zip', 'd:\\stock\\DLLs', 'd:\\stock\\lib', 'd:\\stock\\lib\\plat-win', 'd:\\stock\\lib\\lib-tk', 'd:\\stock', 'd:\\stock\\lib\\site-packages', 'd:\\stock\\lib\\site-packages\\cycler-0.10.0-py2.7.egg', 'd:\\stock\\lib\\site-packages\\win32', 'd:\\stock\\lib\\site-packages\\win32\\lib', 'd:\\stock\\lib\\site-packages\\Pythonwin', 'd:\\stock\\lib\\site-packages\\setuptools-27.2.0-py2.7.egg', 'D:\\stock\\apps\\discovery/scrapy_modules', 'D:\\stock\\apps\\discovery/modules']
2017-04-24 13:12:50,496 - __main__ - INFO - Program started
2017-04-24 13:12:50,687 - pipelines - INFO - Establishing connection to mongoDB localhost:27017
2017-04-24 13:12:50,690 - pipelines - DEBUG - Creating database index 'ticker'
2017-04-24 13:12:50,696 - scrapy.extensions.logstats - INFO - Crawled 0 pages (at 0 pages/min), scraped 0 items (at 0 items/min)
2017-04-24 13:12:50,697 - scrapy.extensions.telnet - DEBUG - Telnet console listening on 127.0.0.1:6023
2017-04-24 13:12:50,697 - __main__ - INFO - Added nzx spider to crawl list
2017-04-24 13:12:50,698 - __main__ - INFO - Spiders loaded are:
2017-04-24 13:12:50,698 - __main__ - INFO -   nzx
2017-04-24 13:12:51,427 - nzx - INFO - Starting nzx spider crawl
2017-04-24 13:12:51,506 - nzx - INFO - Saved file nzx-NZSX.html
2017-04-24 13:12:51,517 - nzx - INFO - Found 172 tickers
2017-04-24 13:12:51,522 - pipelines - INFO - Closed connection to mongoDB localhost:27017
2017-04-24 13:12:51,523 - scrapy.statscollectors - INFO - Dumping Scrapy stats:
{'downloader/request_bytes': 249,
 'downloader/request_count': 1,
 'downloader/request_method_count/GET': 1,
 'downloader/response_bytes': 81596,
 'downloader/response_count': 1,
 'downloader/response_status_count/200': 1,
 'finish_reason': 'finished',
 'finish_time': datetime.datetime(2017, 4, 24, 1, 12, 51, 522000),
 'log_count/DEBUG': 2,
 'log_count/INFO': 9,
 'response_received_count': 1,
 'scheduler/dequeued': 1,
 'scheduler/dequeued/memory': 1,
 'scheduler/enqueued': 1,
 'scheduler/enqueued/memory': 1,
 'spider_exceptions/NameError': 1,
 'start_time': datetime.datetime(2017, 4, 24, 1, 12, 50, 696000)}
2017-04-24 13:12:51,523 - __main__ - INFO - All spiders finished
2017-04-24 13:13:06,479 - __main__ - INFO - Python sys.path variable is : ['D:\\stock\\apps\\discovery', 'd:\\stock\\python27.zip', 'd:\\stock\\DLLs', 'd:\\stock\\lib', 'd:\\stock\\lib\\plat-win', 'd:\\stock\\lib\\lib-tk', 'd:\\stock', 'd:\\stock\\lib\\site-packages', 'd:\\stock\\lib\\site-packages\\cycler-0.10.0-py2.7.egg', 'd:\\stock\\lib\\site-packages\\win32', 'd:\\stock\\lib\\site-packages\\win32\\lib', 'd:\\stock\\lib\\site-packages\\Pythonwin', 'd:\\stock\\lib\\site-packages\\setuptools-27.2.0-py2.7.egg', 'D:\\stock\\apps\\discovery/scrapy_modules', 'D:\\stock\\apps\\discovery/modules']
2017-04-24 13:13:06,480 - __main__ - INFO - Program started
2017-04-24 13:13:16,621 - __main__ - INFO - Python sys.path variable is : ['D:\\stock\\apps\\discovery', 'd:\\stock\\python27.zip', 'd:\\stock\\DLLs', 'd:\\stock\\lib', 'd:\\stock\\lib\\plat-win', 'd:\\stock\\lib\\lib-tk', 'd:\\stock', 'd:\\stock\\lib\\site-packages', 'd:\\stock\\lib\\site-packages\\cycler-0.10.0-py2.7.egg', 'd:\\stock\\lib\\site-packages\\win32', 'd:\\stock\\lib\\site-packages\\win32\\lib', 'd:\\stock\\lib\\site-packages\\Pythonwin', 'd:\\stock\\lib\\site-packages\\setuptools-27.2.0-py2.7.egg', 'D:\\stock\\apps\\discovery/scrapy_modules', 'D:\\stock\\apps\\discovery/modules']
2017-04-24 13:13:16,621 - __main__ - INFO - Program started
2017-04-24 13:13:16,809 - pipelines - INFO - Establishing connection to mongoDB localhost:27017
2017-04-24 13:13:16,811 - pipelines - DEBUG - Creating database index 'ticker'
2017-04-24 13:13:16,818 - scrapy.extensions.logstats - INFO - Crawled 0 pages (at 0 pages/min), scraped 0 items (at 0 items/min)
2017-04-24 13:13:16,819 - scrapy.extensions.telnet - DEBUG - Telnet console listening on 127.0.0.1:6023
2017-04-24 13:13:16,819 - __main__ - INFO - Added nzx spider to crawl list
2017-04-24 13:13:16,819 - __main__ - INFO - Spiders loaded are:
2017-04-24 13:13:16,819 - __main__ - INFO -   nzx
2017-04-24 13:13:17,428 - nzx - INFO - Starting nzx spider crawl
2017-04-24 13:13:17,503 - nzx - INFO - Saved file nzx-NZSX.html
2017-04-24 13:13:17,516 - nzx - INFO - Found 172 tickers
2017-04-24 13:13:17,517 - pipelines - INFO - Closed connection to mongoDB localhost:27017
2017-04-24 13:13:17,519 - scrapy.statscollectors - INFO - Dumping Scrapy stats:
{'downloader/request_bytes': 249,
 'downloader/request_count': 1,
 'downloader/request_method_count/GET': 1,
 'downloader/response_bytes': 81579,
 'downloader/response_count': 1,
 'downloader/response_status_count/200': 1,
 'finish_reason': 'finished',
 'finish_time': datetime.datetime(2017, 4, 24, 1, 13, 17, 519000),
 'log_count/DEBUG': 2,
 'log_count/INFO': 9,
 'response_received_count': 1,
 'scheduler/dequeued': 1,
 'scheduler/dequeued/memory': 1,
 'scheduler/enqueued': 1,
 'scheduler/enqueued/memory': 1,
 'spider_exceptions/NameError': 1,
 'start_time': datetime.datetime(2017, 4, 24, 1, 13, 16, 818000)}
2017-04-24 13:13:17,519 - __main__ - INFO - All spiders finished
2017-04-24 13:15:11,252 - __main__ - INFO - Python sys.path variable is : ['D:\\stock\\apps\\discovery', 'd:\\stock\\python27.zip', 'd:\\stock\\DLLs', 'd:\\stock\\lib', 'd:\\stock\\lib\\plat-win', 'd:\\stock\\lib\\lib-tk', 'd:\\stock', 'd:\\stock\\lib\\site-packages', 'd:\\stock\\lib\\site-packages\\cycler-0.10.0-py2.7.egg', 'd:\\stock\\lib\\site-packages\\win32', 'd:\\stock\\lib\\site-packages\\win32\\lib', 'd:\\stock\\lib\\site-packages\\Pythonwin', 'd:\\stock\\lib\\site-packages\\setuptools-27.2.0-py2.7.egg', 'D:\\stock\\apps\\discovery/scrapy_modules', 'D:\\stock\\apps\\discovery/modules']
2017-04-24 13:15:11,252 - __main__ - INFO - Program started
2017-04-24 13:15:11,443 - pipelines - INFO - Establishing connection to mongoDB localhost:27017
2017-04-24 13:15:11,444 - pipelines - DEBUG - Creating database index 'ticker'
2017-04-24 13:15:11,448 - scrapy.extensions.logstats - INFO - Crawled 0 pages (at 0 pages/min), scraped 0 items (at 0 items/min)
2017-04-24 13:15:11,450 - scrapy.extensions.telnet - DEBUG - Telnet console listening on 127.0.0.1:6023
2017-04-24 13:15:11,450 - __main__ - INFO - Added nzx spider to crawl list
2017-04-24 13:15:11,450 - __main__ - INFO - Spiders loaded are:
2017-04-24 13:15:11,450 - __main__ - INFO -   nzx
2017-04-24 13:15:11,974 - nzx - INFO - Starting nzx spider crawl
2017-04-24 13:15:12,052 - nzx - INFO - Saved file nzx-NZSX.html
2017-04-24 13:15:12,065 - nzx - INFO - Found 172 tickers
2017-04-24 13:15:12,068 - pipelines - INFO - Closed connection to mongoDB localhost:27017
2017-04-24 13:15:12,069 - scrapy.statscollectors - INFO - Dumping Scrapy stats:
{'downloader/request_bytes': 249,
 'downloader/request_count': 1,
 'downloader/request_method_count/GET': 1,
 'downloader/response_bytes': 81581,
 'downloader/response_count': 1,
 'downloader/response_status_count/200': 1,
 'finish_reason': 'finished',
 'finish_time': datetime.datetime(2017, 4, 24, 1, 15, 12, 68000),
 'log_count/DEBUG': 2,
 'log_count/INFO': 9,
 'response_received_count': 1,
 'scheduler/dequeued': 1,
 'scheduler/dequeued/memory': 1,
 'scheduler/enqueued': 1,
 'scheduler/enqueued/memory': 1,
 'spider_exceptions/NameError': 1,
 'start_time': datetime.datetime(2017, 4, 24, 1, 15, 11, 449000)}
2017-04-24 13:15:12,069 - __main__ - INFO - All spiders finished
2017-04-24 13:15:59,846 - __main__ - INFO - Python sys.path variable is : ['D:\\stock\\apps\\discovery', 'd:\\stock\\python27.zip', 'd:\\stock\\DLLs', 'd:\\stock\\lib', 'd:\\stock\\lib\\plat-win', 'd:\\stock\\lib\\lib-tk', 'd:\\stock', 'd:\\stock\\lib\\site-packages', 'd:\\stock\\lib\\site-packages\\cycler-0.10.0-py2.7.egg', 'd:\\stock\\lib\\site-packages\\win32', 'd:\\stock\\lib\\site-packages\\win32\\lib', 'd:\\stock\\lib\\site-packages\\Pythonwin', 'd:\\stock\\lib\\site-packages\\setuptools-27.2.0-py2.7.egg', 'D:\\stock\\apps\\discovery/scrapy_modules', 'D:\\stock\\apps\\discovery/modules']
2017-04-24 13:15:59,846 - __main__ - INFO - Program started
2017-04-24 13:16:08,888 - __main__ - INFO - Python sys.path variable is : ['D:\\stock\\apps\\discovery', 'd:\\stock\\python27.zip', 'd:\\stock\\DLLs', 'd:\\stock\\lib', 'd:\\stock\\lib\\plat-win', 'd:\\stock\\lib\\lib-tk', 'd:\\stock', 'd:\\stock\\lib\\site-packages', 'd:\\stock\\lib\\site-packages\\cycler-0.10.0-py2.7.egg', 'd:\\stock\\lib\\site-packages\\win32', 'd:\\stock\\lib\\site-packages\\win32\\lib', 'd:\\stock\\lib\\site-packages\\Pythonwin', 'd:\\stock\\lib\\site-packages\\setuptools-27.2.0-py2.7.egg', 'D:\\stock\\apps\\discovery/scrapy_modules', 'D:\\stock\\apps\\discovery/modules']
2017-04-24 13:16:08,888 - __main__ - INFO - Program started
2017-04-24 13:16:09,081 - pipelines - INFO - Establishing connection to mongoDB localhost:27017
2017-04-24 13:16:09,082 - pipelines - DEBUG - Creating database index 'ticker'
2017-04-24 13:16:09,088 - scrapy.extensions.logstats - INFO - Crawled 0 pages (at 0 pages/min), scraped 0 items (at 0 items/min)
2017-04-24 13:16:09,088 - scrapy.extensions.telnet - DEBUG - Telnet console listening on 127.0.0.1:6023
2017-04-24 13:16:09,089 - __main__ - INFO - Added nzx spider to crawl list
2017-04-24 13:16:09,091 - __main__ - INFO - Spiders loaded are:
2017-04-24 13:16:09,091 - __main__ - INFO -   nzx
2017-04-24 13:16:09,684 - nzx - INFO - Starting nzx spider crawl
2017-04-24 13:16:09,762 - nzx - INFO - Saved file nzx-NZSX.html
2017-04-24 13:16:09,773 - nzx - INFO - Found 172 tickers
2017-04-24 13:16:09,776 - pipelines - INFO - Closed connection to mongoDB localhost:27017
2017-04-24 13:16:09,779 - scrapy.statscollectors - INFO - Dumping Scrapy stats:
{'downloader/request_bytes': 249,
 'downloader/request_count': 1,
 'downloader/request_method_count/GET': 1,
 'downloader/response_bytes': 81581,
 'downloader/response_count': 1,
 'downloader/response_status_count/200': 1,
 'finish_reason': 'finished',
 'finish_time': datetime.datetime(2017, 4, 24, 1, 16, 9, 778000),
 'log_count/DEBUG': 2,
 'log_count/INFO': 9,
 'response_received_count': 1,
 'scheduler/dequeued': 1,
 'scheduler/dequeued/memory': 1,
 'scheduler/enqueued': 1,
 'scheduler/enqueued/memory': 1,
 'spider_exceptions/NameError': 1,
 'start_time': datetime.datetime(2017, 4, 24, 1, 16, 9, 88000)}
2017-04-24 13:16:09,779 - __main__ - INFO - All spiders finished
2017-04-24 13:16:23,528 - __main__ - INFO - Python sys.path variable is : ['D:\\stock\\apps\\discovery', 'd:\\stock\\python27.zip', 'd:\\stock\\DLLs', 'd:\\stock\\lib', 'd:\\stock\\lib\\plat-win', 'd:\\stock\\lib\\lib-tk', 'd:\\stock', 'd:\\stock\\lib\\site-packages', 'd:\\stock\\lib\\site-packages\\cycler-0.10.0-py2.7.egg', 'd:\\stock\\lib\\site-packages\\win32', 'd:\\stock\\lib\\site-packages\\win32\\lib', 'd:\\stock\\lib\\site-packages\\Pythonwin', 'd:\\stock\\lib\\site-packages\\setuptools-27.2.0-py2.7.egg', 'D:\\stock\\apps\\discovery/scrapy_modules', 'D:\\stock\\apps\\discovery/modules']
2017-04-24 13:16:23,528 - __main__ - INFO - Program started
2017-04-24 13:16:23,717 - pipelines - INFO - Establishing connection to mongoDB localhost:27017
2017-04-24 13:16:23,720 - pipelines - DEBUG - Creating database index 'ticker'
2017-04-24 13:16:23,726 - scrapy.extensions.logstats - INFO - Crawled 0 pages (at 0 pages/min), scraped 0 items (at 0 items/min)
2017-04-24 13:16:23,729 - scrapy.extensions.telnet - DEBUG - Telnet console listening on 127.0.0.1:6023
2017-04-24 13:16:23,729 - __main__ - INFO - Added nzx spider to crawl list
2017-04-24 13:16:23,730 - __main__ - INFO - Spiders loaded are:
2017-04-24 13:16:23,730 - __main__ - INFO -   nzx
2017-04-24 13:16:24,332 - nzx - INFO - Starting nzx spider crawl
2017-04-24 13:16:24,407 - nzx - INFO - Saved file nzx-NZSX.html
2017-04-24 13:16:24,418 - nzx - INFO - Found 172 tickers
2017-04-24 13:16:24,421 - pipelines - INFO - Closed connection to mongoDB localhost:27017
2017-04-24 13:16:24,423 - scrapy.statscollectors - INFO - Dumping Scrapy stats:
{'downloader/request_bytes': 249,
 'downloader/request_count': 1,
 'downloader/request_method_count/GET': 1,
 'downloader/response_bytes': 81581,
 'downloader/response_count': 1,
 'downloader/response_status_count/200': 1,
 'finish_reason': 'finished',
 'finish_time': datetime.datetime(2017, 4, 24, 1, 16, 24, 423000),
 'log_count/DEBUG': 2,
 'log_count/INFO': 9,
 'response_received_count': 1,
 'scheduler/dequeued': 1,
 'scheduler/dequeued/memory': 1,
 'scheduler/enqueued': 1,
 'scheduler/enqueued/memory': 1,
 'spider_exceptions/NameError': 1,
 'start_time': datetime.datetime(2017, 4, 24, 1, 16, 23, 728000)}
2017-04-24 13:16:24,424 - __main__ - INFO - All spiders finished
2017-04-24 13:16:35,095 - __main__ - INFO - Python sys.path variable is : ['D:\\stock\\apps\\discovery', 'd:\\stock\\python27.zip', 'd:\\stock\\DLLs', 'd:\\stock\\lib', 'd:\\stock\\lib\\plat-win', 'd:\\stock\\lib\\lib-tk', 'd:\\stock', 'd:\\stock\\lib\\site-packages', 'd:\\stock\\lib\\site-packages\\cycler-0.10.0-py2.7.egg', 'd:\\stock\\lib\\site-packages\\win32', 'd:\\stock\\lib\\site-packages\\win32\\lib', 'd:\\stock\\lib\\site-packages\\Pythonwin', 'd:\\stock\\lib\\site-packages\\setuptools-27.2.0-py2.7.egg', 'D:\\stock\\apps\\discovery/scrapy_modules', 'D:\\stock\\apps\\discovery/modules']
2017-04-24 13:16:35,095 - __main__ - INFO - Program started
2017-04-24 13:16:35,282 - pipelines - INFO - Establishing connection to mongoDB localhost:27017
2017-04-24 13:16:35,283 - pipelines - DEBUG - Creating database index 'ticker'
2017-04-24 13:16:35,289 - scrapy.extensions.logstats - INFO - Crawled 0 pages (at 0 pages/min), scraped 0 items (at 0 items/min)
2017-04-24 13:16:35,290 - scrapy.extensions.telnet - DEBUG - Telnet console listening on 127.0.0.1:6023
2017-04-24 13:16:35,292 - __main__ - INFO - Added nzx spider to crawl list
2017-04-24 13:16:35,292 - __main__ - INFO - Spiders loaded are:
2017-04-24 13:16:35,292 - __main__ - INFO -   nzx
2017-04-24 13:16:35,957 - nzx - INFO - Starting nzx spider crawl
2017-04-24 13:16:36,030 - nzx - INFO - Saved file nzx-NZSX.html
2017-04-24 13:16:36,042 - nzx - INFO - Found 172 tickers
2017-04-24 13:16:36,046 - pipelines - INFO - Closed connection to mongoDB localhost:27017
2017-04-24 13:16:36,046 - scrapy.statscollectors - INFO - Dumping Scrapy stats:
{'downloader/request_bytes': 249,
 'downloader/request_count': 1,
 'downloader/request_method_count/GET': 1,
 'downloader/response_bytes': 81581,
 'downloader/response_count': 1,
 'downloader/response_status_count/200': 1,
 'finish_reason': 'finished',
 'finish_time': datetime.datetime(2017, 4, 24, 1, 16, 36, 46000),
 'log_count/DEBUG': 2,
 'log_count/INFO': 9,
 'response_received_count': 1,
 'scheduler/dequeued': 1,
 'scheduler/dequeued/memory': 1,
 'scheduler/enqueued': 1,
 'scheduler/enqueued/memory': 1,
 'spider_exceptions/NameError': 1,
 'start_time': datetime.datetime(2017, 4, 24, 1, 16, 35, 291000)}
2017-04-24 13:16:36,048 - __main__ - INFO - All spiders finished
2017-04-24 13:16:47,328 - __main__ - INFO - Python sys.path variable is : ['D:\\stock\\apps\\discovery', 'd:\\stock\\python27.zip', 'd:\\stock\\DLLs', 'd:\\stock\\lib', 'd:\\stock\\lib\\plat-win', 'd:\\stock\\lib\\lib-tk', 'd:\\stock', 'd:\\stock\\lib\\site-packages', 'd:\\stock\\lib\\site-packages\\cycler-0.10.0-py2.7.egg', 'd:\\stock\\lib\\site-packages\\win32', 'd:\\stock\\lib\\site-packages\\win32\\lib', 'd:\\stock\\lib\\site-packages\\Pythonwin', 'd:\\stock\\lib\\site-packages\\setuptools-27.2.0-py2.7.egg', 'D:\\stock\\apps\\discovery/scrapy_modules', 'D:\\stock\\apps\\discovery/modules']
2017-04-24 13:16:47,328 - __main__ - INFO - Program started
2017-04-24 13:16:47,516 - pipelines - INFO - Establishing connection to mongoDB localhost:27017
2017-04-24 13:16:47,519 - pipelines - DEBUG - Creating database index 'ticker'
2017-04-24 13:16:47,525 - scrapy.extensions.logstats - INFO - Crawled 0 pages (at 0 pages/min), scraped 0 items (at 0 items/min)
2017-04-24 13:16:47,526 - scrapy.extensions.telnet - DEBUG - Telnet console listening on 127.0.0.1:6023
2017-04-24 13:16:47,526 - __main__ - INFO - Added nzx spider to crawl list
2017-04-24 13:16:47,526 - __main__ - INFO - Spiders loaded are:
2017-04-24 13:16:47,526 - __main__ - INFO -   nzx
2017-04-24 13:16:48,122 - nzx - INFO - Starting nzx spider crawl
2017-04-24 13:16:48,196 - nzx - INFO - Saved file nzx-NZSX.html
2017-04-24 13:16:48,207 - nzx - INFO - Found 172 tickers
2017-04-24 13:16:48,210 - pipelines - INFO - Closed connection to mongoDB localhost:27017
2017-04-24 13:16:48,211 - scrapy.statscollectors - INFO - Dumping Scrapy stats:
{'downloader/request_bytes': 249,
 'downloader/request_count': 1,
 'downloader/request_method_count/GET': 1,
 'downloader/response_bytes': 81581,
 'downloader/response_count': 1,
 'downloader/response_status_count/200': 1,
 'finish_reason': 'finished',
 'finish_time': datetime.datetime(2017, 4, 24, 1, 16, 48, 211000),
 'log_count/DEBUG': 2,
 'log_count/INFO': 9,
 'response_received_count': 1,
 'scheduler/dequeued': 1,
 'scheduler/dequeued/memory': 1,
 'scheduler/enqueued': 1,
 'scheduler/enqueued/memory': 1,
 'spider_exceptions/NameError': 1,
 'start_time': datetime.datetime(2017, 4, 24, 1, 16, 47, 525000)}
2017-04-24 13:16:48,213 - __main__ - INFO - All spiders finished
2017-04-24 13:17:21,615 - __main__ - INFO - Python sys.path variable is : ['D:\\stock\\apps\\discovery', 'd:\\stock\\python27.zip', 'd:\\stock\\DLLs', 'd:\\stock\\lib', 'd:\\stock\\lib\\plat-win', 'd:\\stock\\lib\\lib-tk', 'd:\\stock', 'd:\\stock\\lib\\site-packages', 'd:\\stock\\lib\\site-packages\\cycler-0.10.0-py2.7.egg', 'd:\\stock\\lib\\site-packages\\win32', 'd:\\stock\\lib\\site-packages\\win32\\lib', 'd:\\stock\\lib\\site-packages\\Pythonwin', 'd:\\stock\\lib\\site-packages\\setuptools-27.2.0-py2.7.egg', 'D:\\stock\\apps\\discovery/scrapy_modules', 'D:\\stock\\apps\\discovery/modules']
2017-04-24 13:17:21,615 - __main__ - INFO - Program started
2017-04-24 13:17:21,806 - pipelines - INFO - Establishing connection to mongoDB localhost:27017
2017-04-24 13:17:21,809 - pipelines - DEBUG - Creating database index 'ticker'
2017-04-24 13:17:21,815 - scrapy.extensions.logstats - INFO - Crawled 0 pages (at 0 pages/min), scraped 0 items (at 0 items/min)
2017-04-24 13:17:21,816 - scrapy.extensions.telnet - DEBUG - Telnet console listening on 127.0.0.1:6023
2017-04-24 13:17:21,818 - __main__ - INFO - Added nzx spider to crawl list
2017-04-24 13:17:21,818 - __main__ - INFO - Spiders loaded are:
2017-04-24 13:17:21,819 - __main__ - INFO -   nzx
2017-04-24 13:17:22,618 - nzx - INFO - Starting nzx spider crawl
2017-04-24 13:17:22,694 - nzx - INFO - Saved file nzx-NZSX.html
2017-04-24 13:17:22,704 - nzx - INFO - Found 172 tickers
2017-04-24 13:17:24,946 - __main__ - INFO - All spiders finished
2017-04-24 13:17:34,961 - __main__ - INFO - Python sys.path variable is : ['D:\\stock\\apps\\discovery', 'd:\\stock\\python27.zip', 'd:\\stock\\DLLs', 'd:\\stock\\lib', 'd:\\stock\\lib\\plat-win', 'd:\\stock\\lib\\lib-tk', 'd:\\stock', 'd:\\stock\\lib\\site-packages', 'd:\\stock\\lib\\site-packages\\cycler-0.10.0-py2.7.egg', 'd:\\stock\\lib\\site-packages\\win32', 'd:\\stock\\lib\\site-packages\\win32\\lib', 'd:\\stock\\lib\\site-packages\\Pythonwin', 'd:\\stock\\lib\\site-packages\\setuptools-27.2.0-py2.7.egg', 'D:\\stock\\apps\\discovery/scrapy_modules', 'D:\\stock\\apps\\discovery/modules']
2017-04-24 13:17:34,961 - __main__ - INFO - Program started
2017-04-24 13:17:35,150 - pipelines - INFO - Establishing connection to mongoDB localhost:27017
2017-04-24 13:17:35,151 - pipelines - DEBUG - Creating database index 'ticker'
2017-04-24 13:17:35,157 - scrapy.extensions.logstats - INFO - Crawled 0 pages (at 0 pages/min), scraped 0 items (at 0 items/min)
2017-04-24 13:17:35,158 - scrapy.extensions.telnet - DEBUG - Telnet console listening on 127.0.0.1:6023
2017-04-24 13:17:35,158 - __main__ - INFO - Added nzx spider to crawl list
2017-04-24 13:17:35,160 - __main__ - INFO - Spiders loaded are:
2017-04-24 13:17:35,160 - __main__ - INFO -   nzx
2017-04-24 13:17:35,944 - nzx - INFO - Starting nzx spider crawl
2017-04-24 13:17:36,025 - nzx - INFO - Saved file nzx-NZSX.html
2017-04-24 13:17:36,036 - nzx - INFO - Found 172 tickers
2017-04-24 13:17:41,536 - pipelines - DEBUG - Attempting update existing record for ticker ABA
2017-04-24 13:17:42,118 - scrapy.spidermiddlewares.httperror - INFO - Ignoring response <404 https://www.nzx.com/companies/BRMWD>: HTTP status code is not handled or not allowed
2017-04-24 13:17:47,035 - pipelines - DEBUG - Attempting update existing record for ticker BRM
2017-04-24 13:17:49,374 - pipelines - DEBUG - Attempting update existing record for ticker BLT
2017-04-24 13:17:51,243 - pipelines - DEBUG - Attempting update existing record for ticker BIT
2017-04-24 13:17:53,825 - pipelines - DEBUG - Attempting update existing record for ticker BIL
2017-04-24 13:17:55,742 - pipelines - DEBUG - Attempting update existing record for ticker BGR
2017-04-24 13:17:57,115 - scrapy.downloadermiddlewares.retry - DEBUG - Retrying <GET https://www.nzx.com/companies/AWK> (failed 1 times): [<twisted.python.failure.Failure twisted.internet.error.ConnectionLost: Connection to the other side was lost in a non-clean fashion: Connection lost.>]
2017-04-24 13:17:57,117 - __main__ - INFO - All spiders finished
2017-04-24 13:18:31,006 - __main__ - INFO - Python sys.path variable is : ['D:\\stock\\apps\\discovery', 'd:\\stock\\python27.zip', 'd:\\stock\\DLLs', 'd:\\stock\\lib', 'd:\\stock\\lib\\plat-win', 'd:\\stock\\lib\\lib-tk', 'd:\\stock', 'd:\\stock\\lib\\site-packages', 'd:\\stock\\lib\\site-packages\\cycler-0.10.0-py2.7.egg', 'd:\\stock\\lib\\site-packages\\win32', 'd:\\stock\\lib\\site-packages\\win32\\lib', 'd:\\stock\\lib\\site-packages\\Pythonwin', 'd:\\stock\\lib\\site-packages\\setuptools-27.2.0-py2.7.egg', 'D:\\stock\\apps\\discovery/scrapy_modules', 'D:\\stock\\apps\\discovery/modules']
2017-04-24 13:18:31,006 - __main__ - INFO - Program started
2017-04-24 13:18:31,193 - pipelines - INFO - Establishing connection to mongoDB localhost:27017
2017-04-24 13:18:31,194 - pipelines - DEBUG - Creating database index 'ticker'
2017-04-24 13:18:31,201 - scrapy.extensions.logstats - INFO - Crawled 0 pages (at 0 pages/min), scraped 0 items (at 0 items/min)
2017-04-24 13:18:31,203 - scrapy.extensions.telnet - DEBUG - Telnet console listening on 127.0.0.1:6023
2017-04-24 13:18:31,203 - __main__ - INFO - Added nzx spider to crawl list
2017-04-24 13:18:31,203 - __main__ - INFO - Spiders loaded are:
2017-04-24 13:18:31,203 - __main__ - INFO -   nzx
2017-04-24 13:18:31,755 - nzx - INFO - Starting nzx spider crawl
2017-04-24 13:18:31,829 - nzx - INFO - Saved file nzx-NZSX.html
2017-04-24 13:18:31,842 - nzx - INFO - Found 172 tickers
2017-04-24 13:18:37,148 - pipelines - DEBUG - Attempting insert new record for ticker ABA
2017-04-24 13:18:42,015 - pipelines - DEBUG - Attempting insert new record for ticker CDI
2017-04-24 13:18:43,700 - pipelines - DEBUG - Attempting insert new record for ticker CBL
2017-04-24 13:18:45,239 - pipelines - DEBUG - Attempting insert new record for ticker CAV
2017-04-24 13:18:46,009 - scrapy.spidermiddlewares.httperror - INFO - Ignoring response <404 https://www.nzx.com/companies/BRMWD>: HTTP status code is not handled or not allowed
2017-04-24 13:18:48,983 - pipelines - DEBUG - Attempting insert new record for ticker BLT
2017-04-24 13:18:49,940 - pipelines - DEBUG - Attempting insert new record for ticker BRM
2017-04-24 13:18:53,173 - pipelines - DEBUG - Attempting insert new record for ticker BIT
2017-04-24 13:18:55,726 - pipelines - DEBUG - Attempting insert new record for ticker BIL
2017-04-24 13:18:58,417 - pipelines - DEBUG - Attempting insert new record for ticker BGR
2017-04-24 13:19:02,242 - pipelines - DEBUG - Attempting insert new record for ticker AWK
2017-04-24 13:19:03,081 - pipelines - DEBUG - Attempting insert new record for ticker AWF
2017-04-24 13:19:05,852 - pipelines - DEBUG - Attempting insert new record for ticker AUG
2017-04-24 13:19:08,407 - pipelines - DEBUG - Attempting insert new record for ticker ATM
2017-04-24 13:19:10,687 - pipelines - DEBUG - Attempting insert new record for ticker ASR
2017-04-24 13:19:12,944 - pipelines - DEBUG - Attempting insert new record for ticker ASP
2017-04-24 13:19:15,914 - pipelines - DEBUG - Attempting insert new record for ticker XRO
2017-04-24 13:19:17,545 - pipelines - DEBUG - Attempting insert new record for ticker ZEL
2017-04-24 13:19:18,003 - pipelines - DEBUG - Attempting insert new record for ticker WYN
2017-04-24 13:19:23,401 - pipelines - DEBUG - Attempting insert new record for ticker WHS
2017-04-24 13:19:25,615 - scrapy.spidermiddlewares.httperror - INFO - Ignoring response <404 https://www.nzx.com/companies/WDTPA>: HTTP status code is not handled or not allowed
2017-04-24 13:19:31,200 - scrapy.extensions.logstats - INFO - Crawled 22 pages (at 22 pages/min), scraped 19 items (at 19 items/min)
2017-04-24 13:19:31,628 - pipelines - DEBUG - Attempting insert new record for ticker WDT
2017-04-24 13:19:35,506 - pipelines - DEBUG - Attempting insert new record for ticker WBC
2017-04-24 13:19:38,369 - pipelines - DEBUG - Attempting insert new record for ticker VIL
2017-04-24 13:19:40,463 - pipelines - DEBUG - Attempting insert new record for ticker VHP
2017-04-24 13:19:42,424 - pipelines - DEBUG - Attempting insert new record for ticker VGL
2017-04-24 13:19:44,891 - pipelines - DEBUG - Attempting insert new record for ticker VCT
2017-04-24 13:19:45,944 - pipelines - DEBUG - Attempting insert new record for ticker USV
2017-04-24 13:19:48,105 - pipelines - DEBUG - Attempting insert new record for ticker USS
2017-04-24 13:19:50,785 - pipelines - DEBUG - Attempting insert new record for ticker USM
2017-04-24 13:19:51,750 - pipelines - DEBUG - Attempting insert new record for ticker USG
2017-04-24 13:19:53,694 - pipelines - DEBUG - Attempting insert new record for ticker USF
2017-04-24 13:19:55,858 - pipelines - DEBUG - Attempting insert new record for ticker TWR
2017-04-24 13:19:57,407 - pipelines - DEBUG - Attempting insert new record for ticker TWF
2017-04-24 13:19:59,219 - pipelines - DEBUG - Attempting insert new record for ticker TTK
2017-04-24 13:20:05,710 - pipelines - DEBUG - Attempting insert new record for ticker TNZ
2017-04-24 13:20:07,154 - pipelines - DEBUG - Attempting insert new record for ticker TPW
2017-04-24 13:20:07,392 - pipelines - DEBUG - Attempting insert new record for ticker TNR
2017-04-24 13:20:12,255 - pipelines - DEBUG - Attempting insert new record for ticker TME
2017-04-24 13:20:17,674 - pipelines - DEBUG - Attempting insert new record for ticker TLT
2017-04-24 13:20:21,631 - pipelines - DEBUG - Attempting insert new record for ticker TLS
2017-04-24 13:20:26,145 - pipelines - DEBUG - Attempting insert new record for ticker TIL
2017-04-24 13:20:28,056 - pipelines - DEBUG - Attempting insert new record for ticker THL
2017-04-24 13:20:31,200 - scrapy.extensions.logstats - INFO - Crawled 45 pages (at 23 pages/min), scraped 41 items (at 22 items/min)
2017-04-24 13:20:31,398 - pipelines - DEBUG - Attempting insert new record for ticker TGH
2017-04-24 13:20:35,861 - pipelines - DEBUG - Attempting insert new record for ticker TGG
2017-04-24 13:20:37,723 - pipelines - DEBUG - Attempting insert new record for ticker TEN
2017-04-24 13:20:40,125 - pipelines - DEBUG - Attempting insert new record for ticker TEM
2017-04-24 13:20:41,834 - pipelines - DEBUG - Attempting insert new record for ticker TCL
2017-04-24 13:20:43,549 - pipelines - DEBUG - Attempting insert new record for ticker SUM
2017-04-24 13:20:45,611 - pipelines - DEBUG - Attempting insert new record for ticker STU
2017-04-24 13:20:47,831 - pipelines - DEBUG - Attempting insert new record for ticker SRF
2017-04-24 13:20:49,368 - pipelines - DEBUG - Attempting insert new record for ticker SPY
2017-04-24 13:20:51,174 - pipelines - DEBUG - Attempting insert new record for ticker SPN
2017-04-24 13:20:53,127 - pipelines - DEBUG - Attempting insert new record for ticker SPK
2017-04-24 13:20:54,454 - pipelines - DEBUG - Attempting insert new record for ticker SPG
2017-04-24 13:20:56,252 - pipelines - DEBUG - Attempting insert new record for ticker SML
2017-04-24 13:20:56,892 - pipelines - DEBUG - Attempting insert new record for ticker SLI
2017-04-24 13:20:59,835 - pipelines - DEBUG - Attempting insert new record for ticker SKT
2017-04-24 13:21:01,019 - pipelines - DEBUG - Attempting insert new record for ticker SKO
2017-04-24 13:21:03,374 - pipelines - DEBUG - Attempting insert new record for ticker SKL
2017-04-24 13:21:06,609 - pipelines - DEBUG - Attempting insert new record for ticker SKC
2017-04-24 13:21:08,065 - pipelines - DEBUG - Attempting insert new record for ticker SEK
2017-04-24 13:21:09,490 - pipelines - DEBUG - Attempting insert new record for ticker SEA
2017-04-24 13:21:12,174 - pipelines - DEBUG - Attempting insert new record for ticker SCY
2017-04-24 13:21:14,000 - pipelines - DEBUG - Attempting insert new record for ticker SCT
2017-04-24 13:21:15,062 - pipelines - DEBUG - Attempting insert new record for ticker SCL
2017-04-24 13:21:16,890 - pipelines - DEBUG - Attempting insert new record for ticker SAN
2017-04-24 13:21:18,733 - pipelines - DEBUG - Attempting insert new record for ticker RYM
2017-04-24 13:21:21,142 - pipelines - DEBUG - Attempting insert new record for ticker RBD
2017-04-24 13:21:23,213 - pipelines - DEBUG - Attempting insert new record for ticker RBC
2017-04-24 13:21:25,653 - pipelines - DEBUG - Attempting insert new record for ticker RAK
2017-04-24 13:21:28,230 - pipelines - DEBUG - Attempting insert new record for ticker PPL
2017-04-24 13:21:30,043 - pipelines - DEBUG - Attempting insert new record for ticker PPH
2017-04-24 13:21:31,200 - scrapy.extensions.logstats - INFO - Crawled 75 pages (at 30 pages/min), scraped 71 items (at 30 items/min)
2017-04-24 13:21:32,069 - pipelines - DEBUG - Attempting insert new record for ticker POT
2017-04-24 13:21:34,832 - pipelines - DEBUG - Attempting insert new record for ticker PIL
2017-04-24 13:21:35,463 - pipelines - DEBUG - Attempting insert new record for ticker PLX
2017-04-24 13:21:39,150 - pipelines - DEBUG - Attempting insert new record for ticker PGW
2017-04-24 13:21:43,275 - pipelines - DEBUG - Attempting insert new record for ticker PGC
2017-04-24 13:21:45,270 - pipelines - DEBUG - Attempting insert new record for ticker PFI
2017-04-24 13:21:48,973 - pipelines - DEBUG - Attempting insert new record for ticker PEB
2017-04-24 13:21:52,717 - pipelines - DEBUG - Attempting insert new record for ticker PCT
2017-04-24 13:21:52,757 - pipelines - DEBUG - Attempting insert new record for ticker OZY
2017-04-24 13:21:54,105 - pipelines - DEBUG - Attempting insert new record for ticker OIC
2017-04-24 13:21:56,466 - pipelines - DEBUG - Attempting insert new record for ticker OHE
2017-04-24 13:21:57,605 - pipelines - DEBUG - Attempting insert new record for ticker OGC
2017-04-24 13:21:59,598 - pipelines - DEBUG - Attempting insert new record for ticker NZX
2017-04-24 13:22:01,609 - pipelines - DEBUG - Attempting insert new record for ticker NZR
2017-04-24 13:22:03,250 - pipelines - DEBUG - Attempting insert new record for ticker NZO
2017-04-24 13:22:04,706 - pipelines - DEBUG - Attempting insert new record for ticker NZM
2017-04-24 13:22:05,917 - pipelines - DEBUG - Attempting insert new record for ticker NZK
2017-04-24 13:22:08,209 - pipelines - DEBUG - Attempting insert new record for ticker NZF
2017-04-24 13:22:10,068 - pipelines - DEBUG - Attempting insert new record for ticker NZC
2017-04-24 13:22:11,739 - pipelines - DEBUG - Attempting insert new record for ticker NZB
2017-04-24 13:22:13,954 - pipelines - DEBUG - Attempting insert new record for ticker NWF
2017-04-24 13:22:14,720 - scrapy.spidermiddlewares.httperror - INFO - Ignoring response <404 https://www.nzx.com/companies/NTLOA>: HTTP status code is not handled or not allowed
2017-04-24 13:22:18,392 - pipelines - DEBUG - Attempting insert new record for ticker NTL
2017-04-24 13:22:19,957 - pipelines - DEBUG - Attempting insert new record for ticker NPT
2017-04-24 13:22:22,341 - pipelines - DEBUG - Attempting insert new record for ticker NPF
2017-04-24 13:22:24,519 - pipelines - DEBUG - Attempting insert new record for ticker MZY
2017-04-24 13:22:26,375 - pipelines - DEBUG - Attempting insert new record for ticker MVT
2017-04-24 13:22:27,661 - pipelines - DEBUG - Attempting insert new record for ticker MVN
2017-04-24 13:22:29,391 - pipelines - DEBUG - Attempting insert new record for ticker MPG
2017-04-24 13:22:30,963 - pipelines - DEBUG - Attempting insert new record for ticker MOA
2017-04-24 13:22:31,201 - scrapy.extensions.logstats - INFO - Crawled 105 pages (at 30 pages/min), scraped 100 items (at 29 items/min)
2017-04-24 13:22:32,736 - pipelines - DEBUG - Attempting insert new record for ticker MMH
2017-04-24 13:22:34,407 - pipelines - DEBUG - Attempting insert new record for ticker MLN
2017-04-24 13:22:36,164 - pipelines - DEBUG - Attempting insert new record for ticker MHJ
2017-04-24 13:22:37,686 - pipelines - DEBUG - Attempting insert new record for ticker MGL
2017-04-24 13:22:39,944 - pipelines - DEBUG - Attempting insert new record for ticker MFT
2017-04-24 13:22:41,753 - pipelines - DEBUG - Attempting insert new record for ticker MET
2017-04-24 13:22:45,783 - pipelines - DEBUG - Attempting insert new record for ticker MDZ
2017-04-24 13:22:45,861 - pipelines - DEBUG - Attempting insert new record for ticker MEL
2017-04-24 13:22:48,009 - pipelines - DEBUG - Attempting insert new record for ticker MCY
2017-04-24 13:22:49,095 - scrapy.spidermiddlewares.httperror - INFO - Ignoring response <404 https://www.nzx.com/companies/MCKPA>: HTTP status code is not handled or not allowed
2017-04-24 13:22:54,683 - pipelines - DEBUG - Attempting insert new record for ticker MCK
2017-04-24 13:22:57,605 - pipelines - DEBUG - Attempting insert new record for ticker MAD
2017-04-24 13:23:02,285 - pipelines - DEBUG - Attempting insert new record for ticker KMD
2017-04-24 13:23:02,917 - pipelines - DEBUG - Attempting insert new record for ticker KPG
2017-04-24 13:23:04,803 - scrapy.spidermiddlewares.httperror - INFO - Ignoring response <404 https://www.nzx.com/companies/KFLWD>: HTTP status code is not handled or not allowed
2017-04-24 13:23:11,668 - pipelines - DEBUG - Attempting insert new record for ticker KFL
2017-04-24 13:23:14,668 - pipelines - DEBUG - Attempting insert new record for ticker JPG
2017-04-24 13:23:18,427 - pipelines - DEBUG - Attempting insert new record for ticker JFJ
2017-04-24 13:23:20,522 - pipelines - DEBUG - Attempting insert new record for ticker IQE
2017-04-24 13:23:21,911 - pipelines - DEBUG - Attempting insert new record for ticker IPL
2017-04-24 13:23:23,496 - pipelines - DEBUG - Attempting insert new record for ticker IKE
2017-04-24 13:23:25,628 - pipelines - DEBUG - Attempting insert new record for ticker IFT
2017-04-24 13:23:27,144 - pipelines - DEBUG - Attempting insert new record for ticker HLG
2017-04-24 13:23:29,513 - pipelines - DEBUG - Attempting insert new record for ticker HFL
2017-04-24 13:23:30,663 - pipelines - DEBUG - Attempting insert new record for ticker HBL
2017-04-24 13:23:31,200 - scrapy.extensions.logstats - INFO - Crawled 130 pages (at 25 pages/min), scraped 123 items (at 23 items/min)
2017-04-24 13:23:32,710 - pipelines - DEBUG - Attempting insert new record for ticker GXH
2017-04-24 13:23:34,776 - pipelines - DEBUG - Attempting insert new record for ticker GTK
2017-04-24 13:23:38,878 - pipelines - DEBUG - Attempting insert new record for ticker GMT
2017-04-24 13:23:38,888 - pipelines - DEBUG - Attempting insert new record for ticker GNE
2017-04-24 13:23:39,368 - pipelines - DEBUG - Attempting insert new record for ticker GBF
2017-04-24 13:23:41,621 - pipelines - DEBUG - Attempting insert new record for ticker FSF
2017-04-24 13:23:44,342 - pipelines - DEBUG - Attempting insert new record for ticker FRE
2017-04-24 13:23:46,799 - pipelines - DEBUG - Attempting insert new record for ticker FPH
2017-04-24 13:23:48,897 - pipelines - DEBUG - Attempting insert new record for ticker FNZ
2017-04-24 13:23:51,161 - pipelines - DEBUG - Attempting insert new record for ticker FMS
2017-04-24 13:23:52,767 - pipelines - DEBUG - Attempting insert new record for ticker FLI
2017-04-24 13:23:54,848 - pipelines - DEBUG - Attempting insert new record for ticker FIN
2017-04-24 13:23:56,842 - pipelines - DEBUG - Attempting insert new record for ticker FCT
2017-04-24 13:23:58,434 - pipelines - DEBUG - Attempting insert new record for ticker FBU
2017-04-24 13:23:59,644 - pipelines - DEBUG - Attempting insert new record for ticker EVO
2017-04-24 13:24:02,148 - pipelines - DEBUG - Attempting insert new record for ticker EUT
2017-04-24 13:24:03,828 - pipelines - DEBUG - Attempting insert new record for ticker EUF
2017-04-24 13:24:05,477 - pipelines - DEBUG - Attempting insert new record for ticker ERD
2017-04-24 13:24:07,931 - pipelines - DEBUG - Attempting insert new record for ticker EMF
2017-04-24 13:24:10,289 - pipelines - DEBUG - Attempting insert new record for ticker EBO
2017-04-24 13:24:12,403 - pipelines - DEBUG - Attempting insert new record for ticker DOW
2017-04-24 13:24:14,619 - pipelines - DEBUG - Attempting insert new record for ticker DIV
2017-04-24 13:24:15,471 - pipelines - DEBUG - Attempting insert new record for ticker DGL
2017-04-24 13:24:19,976 - pipelines - DEBUG - Attempting insert new record for ticker CMO
2017-04-24 13:24:20,444 - pipelines - DEBUG - Attempting insert new record for ticker CVT
2017-04-24 13:24:20,542 - pipelines - DEBUG - Attempting insert new record for ticker CNU
2017-04-24 13:24:21,732 - pipelines - DEBUG - Attempting insert new record for ticker ASF
2017-04-24 13:24:23,503 - pipelines - DEBUG - Attempting insert new record for ticker CEN
2017-04-24 13:24:26,237 - pipelines - DEBUG - Attempting insert new record for ticker ASD
2017-04-24 13:24:29,036 - scrapy.spidermiddlewares.httperror - INFO - Ignoring response <404 https://www.nzx.com/companies/ASBPB>: HTTP status code is not handled or not allowed
2017-04-24 13:24:31,200 - scrapy.extensions.logstats - INFO - Crawled 160 pages (at 30 pages/min), scraped 152 items (at 29 items/min)
2017-04-24 13:24:32,605 - scrapy.spidermiddlewares.httperror - INFO - Ignoring response <404 https://www.nzx.com/companies/ASBPA>: HTTP status code is not handled or not allowed
2017-04-24 13:24:35,684 - pipelines - DEBUG - Attempting insert new record for ticker ARV
2017-04-24 13:24:39,861 - pipelines - DEBUG - Attempting insert new record for ticker ARG
2017-04-24 13:24:42,453 - pipelines - DEBUG - Attempting insert new record for ticker APA
2017-04-24 13:24:42,717 - scrapy.spidermiddlewares.httperror - INFO - Ignoring response <404 https://www.nzx.com/companies/AORWA>: HTTP status code is not handled or not allowed
2017-04-24 13:24:46,730 - pipelines - DEBUG - Attempting insert new record for ticker AOR
2017-04-24 13:24:47,796 - pipelines - DEBUG - Attempting insert new record for ticker ANZ
2017-04-24 13:24:49,246 - pipelines - DEBUG - Attempting insert new record for ticker AMP
2017-04-24 13:24:51,890 - pipelines - DEBUG - Attempting insert new record for ticker ALF
2017-04-24 13:24:55,147 - pipelines - DEBUG - Attempting insert new record for ticker AIR
2017-04-24 13:24:58,967 - pipelines - DEBUG - Attempting insert new record for ticker AFT
2017-04-24 13:25:00,555 - pipelines - DEBUG - Attempting insert new record for ticker AIA
2017-04-24 13:25:01,016 - pipelines - DEBUG - Attempting insert new record for ticker AFI
2017-04-24 13:25:01,019 - pipelines - INFO - Closed connection to mongoDB localhost:27017
2017-04-24 13:25:01,023 - scrapy.extensions.feedexport - INFO - Stored csv feed (163 items) in: items.csv
2017-04-24 13:25:01,025 - scrapy.statscollectors - INFO - Dumping Scrapy stats:
{'downloader/request_bytes': 102777,
 'downloader/request_count': 173,
 'downloader/request_method_count/GET': 173,
 'downloader/response_bytes': 3747023,
 'downloader/response_count': 173,
 'downloader/response_status_count/200': 165,
 'downloader/response_status_count/404': 8,
 'finish_reason': 'finished',
 'finish_time': datetime.datetime(2017, 4, 24, 1, 25, 1, 24000),
 'item_scraped_count': 163,
 'log_count/DEBUG': 165,
 'log_count/INFO': 24,
 'request_depth_max': 1,
 'response_received_count': 173,
 'scheduler/dequeued': 173,
 'scheduler/dequeued/memory': 173,
 'scheduler/enqueued': 173,
 'scheduler/enqueued/memory': 173,
 'spider_exceptions/IndexError': 1,
 'start_time': datetime.datetime(2017, 4, 24, 1, 18, 31, 202000)}
2017-04-24 13:25:01,026 - __main__ - INFO - All spiders finished
2017-04-24 13:31:21,611 - __main__ - INFO - Python sys.path variable is : ['D:\\stock\\apps\\discovery', 'd:\\stock\\python27.zip', 'd:\\stock\\DLLs', 'd:\\stock\\lib', 'd:\\stock\\lib\\plat-win', 'd:\\stock\\lib\\lib-tk', 'd:\\stock', 'd:\\stock\\lib\\site-packages', 'd:\\stock\\lib\\site-packages\\cycler-0.10.0-py2.7.egg', 'd:\\stock\\lib\\site-packages\\win32', 'd:\\stock\\lib\\site-packages\\win32\\lib', 'd:\\stock\\lib\\site-packages\\Pythonwin', 'd:\\stock\\lib\\site-packages\\setuptools-27.2.0-py2.7.egg', 'D:\\stock\\apps\\discovery/scrapy_modules', 'D:\\stock\\apps\\discovery/modules']
2017-04-24 13:31:21,611 - __main__ - INFO - Program started
2017-04-24 13:31:21,809 - pipelines - INFO - Establishing connection to mongoDB localhost:27017
2017-04-24 13:31:21,811 - pipelines - DEBUG - Creating database index 'ticker'
2017-04-24 13:31:21,815 - scrapy.extensions.logstats - INFO - Crawled 0 pages (at 0 pages/min), scraped 0 items (at 0 items/min)
2017-04-24 13:31:21,818 - scrapy.extensions.telnet - DEBUG - Telnet console listening on 127.0.0.1:6023
2017-04-24 13:31:21,818 - __main__ - INFO - Added nzx spider to crawl list
2017-04-24 13:31:21,819 - __main__ - INFO - Spiders loaded are:
2017-04-24 13:31:21,819 - __main__ - INFO -   nzx
2017-04-24 13:31:22,464 - nzx - INFO - Starting nzx spider crawl
2017-04-24 13:31:22,542 - nzx - INFO - Saved file nzx-NZSX.html
2017-04-24 13:31:22,553 - nzx - INFO - Found 172 tickers
2017-04-24 13:31:29,842 - pipelines - DEBUG - Attempting update existing record for ticker ABA
2017-04-24 13:31:31,818 - scrapy.downloadermiddlewares.retry - DEBUG - Retrying <GET https://www.nzx.com/companies/CBL> (failed 1 times): [<twisted.python.failure.Failure twisted.internet.error.ConnectionLost: Connection to the other side was lost in a non-clean fashion: Connection lost.>]
2017-04-24 13:31:31,819 - __main__ - INFO - All spiders finished
